<?xml version="1.0" encoding="UTF-8"?>
<!-- Generated by org.testng.reporters.JUnitReportReporter -->
<testsuite hostname="Jasmeens-MacBook-Air.local" failures="0" tests="1" name="TestCases.TC2_VerifyArticleWithLogs" time="74.612" errors="0" timestamp="2021-09-26T21:23:17 AEST" skipped="0">
  <testcase classname="TestCases.TC2_VerifyArticleWithLogs" name="VerifyArticle" time="74.612"/>
  <system-out/>
</testsuite> <!-- TestCases.TC2_VerifyArticleWithLogs -->
