<?xml version="1.0" encoding="UTF-8"?>
<!-- Generated by org.testng.reporters.JUnitReportReporter -->
<testsuite hostname="Jasmeens-MacBook-Air.local" failures="0" tests="1" name="TestCases.TC1_VerifyVideo" time="128.859" errors="0" timestamp="2021-09-26T04:33:01 AEST" skipped="0">
  <testcase classname="TestCases.TC1_VerifyVideo" name="test" time="128.859"/>
  <system-out/>
</testsuite> <!-- TestCases.TC1_VerifyVideo -->
