<?xml version="1.0" encoding="UTF-8"?>
<!-- Generated by org.testng.reporters.JUnitReportReporter -->
<testsuite hostname="Jasmeens-MacBook-Air.local" failures="0" tests="1" name="TestCases.TC2_VerifyArticle" time="87.504" errors="0" timestamp="2021-09-26T04:08:43 AEST" skipped="0">
  <testcase classname="TestCases.TC2_VerifyArticle" name="NavigateToArticle" time="87.504"/>
  <system-out/>
</testsuite> <!-- TestCases.TC2_VerifyArticle -->
